
@----------------------------------------------------------@
|        PLINK!       |     v1.07      |   10/Aug/2009     |
|----------------------------------------------------------|
|  (C) 2009 Shaun Purcell, GNU General Public License, v2  |
|----------------------------------------------------------|
|  For documentation, citation & bug-report instructions:  |
|        http://pngu.mgh.harvard.edu/purcell/plink/        |
@----------------------------------------------------------@

Web-based version check ( --noweb to skip )
Recent cached web-check found... OK, v1.07 is current

Writing this text to log file [ snp_plink_file.log ]
Analysis started: Tue Mar 18 18:32:30 2014

Options in effect:
	--bfile /ibscratch/wrayvisscher/josephP/BSGS/Imputed/Clean_R2_Imputed_BSGS_data/bsgs_imputed_R2_80_cleaned_stage2_chr_all
	--extract snp_list.txt
	--recode12
	--out snp_plink_file

Reading map (extended format) from [ /ibscratch/wrayvisscher/josephP/BSGS/Imputed/Clean_R2_Imputed_BSGS_data/bsgs_imputed_R2_80_cleaned_stage2_chr_all.bim ] 
6005138 markers to be included from [ /ibscratch/wrayvisscher/josephP/BSGS/Imputed/Clean_R2_Imputed_BSGS_data/bsgs_imputed_R2_80_cleaned_stage2_chr_all.bim ]
Reading pedigree information from [ /ibscratch/wrayvisscher/josephP/BSGS/Imputed/Clean_R2_Imputed_BSGS_data/bsgs_imputed_R2_80_cleaned_stage2_chr_all.fam ] 
846 individuals read from [ /ibscratch/wrayvisscher/josephP/BSGS/Imputed/Clean_R2_Imputed_BSGS_data/bsgs_imputed_R2_80_cleaned_stage2_chr_all.fam ] 
0 individuals with nonmissing phenotypes
Assuming a disease phenotype (1=unaff, 2=aff, 0=miss)
Missing phenotype value is also -9
0 cases, 0 controls and 846 missing
428 males, 418 females, and 0 of unspecified sex
Reading genotype bitfile from [ /ibscratch/wrayvisscher/josephP/BSGS/Imputed/Clean_R2_Imputed_BSGS_data/bsgs_imputed_R2_80_cleaned_stage2_chr_all.bed ] 
Detected that binary PED file is v1.00 SNP-major mode
Reading list of SNPs to extract [ snp_list.txt ] ... 677 read
Before frequency and genotyping pruning, there are 677 SNPs
846 founders and 0 non-founders found
Total genotyping rate in remaining individuals is 1
0 SNPs failed missingness test ( GENO > 1 )
0 SNPs failed frequency test ( MAF < 0 )
After frequency and genotyping pruning, there are 677 SNPs
After filtering, 0 cases, 0 controls and 846 missing
After filtering, 428 males, 418 females, and 0 of unspecified sex
Writing recoded ped file to [ snp_plink_file.ped ] 
Writing new map file to [ snp_plink_file.map ] 

Analysis finished: Tue Mar 18 18:35:54 2014

